Invoking simulator...
Verdi>./build/simv +UVM_TESTNAME=test -sml=verdi +fsdb+gate=off -ucli2Proc -ucli
*Verdi* Loading libsscore_vcs202409.so
FSDB Dumper for VCS, Release Verdi_W-2024.09-SP2, Linux x86_64/64bit, 03/03/2025
(C) 1996 - 2025 by Synopsys, Inc.
*Verdi* : Create FSDB file '/home/hedu22/dev/SPI_I2C_UVM/inter.fsdb'
*Verdi* : Flush all FSDB Files at 0 ps.
*Verdi* : Enable RPC Server(3030041)
Info: [VCS_SAVE_RESTORE_INFO] ASLR (Address Space Layout Randomization) is detected on the machine. To enable $save functionality, ASLR will be switched off and simv re-executed.
Please use '-no_save' simv switch to avoid re-execution or '-suppress=ASLR_DETECTED_INFO' to suppress this message.
Chronologic VCS simulator copyright 1991-2024
Contains Synopsys proprietary information.
Compiler version W-2024.09-SP1_Full64; Runtime version W-2024.09-SP1_Full64;  May 25 17:48 2025
Warning : License for product VCS-BASE-RUNTIME will expire within 20 days, on: 13-jun-2025.
If you would like to temporarily disable this message, set 
 the VCS_LIC_EXPIRE_WARNING environment variable to the number of days
before expiration that you want this message to start (the minimum is 0).
UVM_INFO /tools/synopsys/vcs/W-2024.09-SP1/etc/uvm-1.2/base/uvm_root.svh(402) @ 0: reporter [UVM/RELNOTES] 
----------------------------------------------------------------
UVM-1.2.Synopsys
(C) 2007-2014 Mentor Graphics Corporation
(C) 2007-2014 Cadence Design Systems, Inc.
(C) 2006-2014 Synopsys, Inc.
(C) 2011-2013 Cypress Semiconductor Corp.
(C) 2013-2014 NVIDIA Corporation
----------------------------------------------------------------
  ***********       IMPORTANT RELEASE NOTES         ************
  You are using a version of the UVM library that has been compiled
  with `UVM_NO_DEPRECATED undefined.
  See http://www.eda.org/svdb/view.php?id=3313 for more details.
  You are using a version of the UVM library that has been compiled
  with `UVM_OBJECT_DO_NOT_NEED_CONSTRUCTOR undefined.
  See http://www.eda.org/svdb/view.php?id=3770 for more details.
      (Specify +UVM_NO_RELNOTES to turn off this notice)
Verdi>fsdbDumpvars 0 "tb_SPI.dut.SS"  +all +trace_process;fsdbDumpvars 0 "tb_SPI.dut.clk"  +all +trace_process;fsdbDumpvars 0 "tb_SPI.dut.cpha"  +all +trace_process;fsdbDumpvars 0 "tb_SPI.dut.cpol"  +all +trace_process;fsdbDumpvars 0 "tb_SPI.dut.done"  +all +trace_process;fsdbDumpvars 0 "tb_SPI.dut.ready"  +all +trace_process;fsdbDumpvars 0 "tb_SPI.dut.reset"  +all +trace_process;fsdbDumpvars 0 "tb_SPI.dut.MISO"  +all +trace_process;fsdbDumpvars 0 "tb_SPI.dut.MOSI"  +all +trace_process;fsdbDumpvars 0 "tb_SPI.dut.SCLK"  +all +trace_process;fsdbDumpvars 0 "tb_SPI.dut.rx_data"  +all +trace_process;fsdbDumpvars 0 "tb_SPI.dut.start"  +all +trace_process;fsdbDumpvars 0 "tb_SPI.dut.tx_data"  +all +trace_process
*Verdi* : Dumping the signal (tb_SPI.dut.SS).
*Verdi* : Dumping the signal (tb_SPI.dut.clk).
*Verdi* : Dumping the signal (tb_SPI.dut.cpha).
*Verdi* : Dumping the signal (tb_SPI.dut.cpol).
*Verdi* : Dumping the signal (tb_SPI.dut.done).
*Verdi* : Dumping the signal (tb_SPI.dut.ready).
*Verdi* : Dumping the signal (tb_SPI.dut.reset).
*Verdi* : Dumping the signal (tb_SPI.dut.MISO).
*Verdi* : Dumping the signal (tb_SPI.dut.MOSI).
*Verdi* : Dumping the signal (tb_SPI.dut.SCLK).
*Verdi* : Dumping the signal (tb_SPI.dut.rx_data).
*Verdi* : Dumping the signal (tb_SPI.dut.start).
*Verdi* : Dumping the signal (tb_SPI.dut.tx_data).
*Verdi* : Flush all FSDB Files at 0 ps.
1
Verdi>stop -disable 1
1
Verdi>stop -delete 1
1
Verdi>run
*Verdi* : Begin traversing the scopes, layer (0).
*Verdi* : End of traversing.
*Verdi* WARNING: Env/runtime option has specified fsdbfile name as "/home/hedu22/dev/SPI_I2C_UVM/inter.fsdb". Fsdbfile name in task "wave.fsdb" is ignored.
UVM_INFO @ 0: reporter [RNTST] Running test test...
UVM_INFO /tools/synopsys/vcs/W-2024.09-SP1/etc/uvm-1.2/base/uvm_root.svh(589) @ 0: reporter [UVMTOP] UVM testbench topology:
--------------------------------------------------------------
Name                       Type                    Size  Value
--------------------------------------------------------------
uvm_test_top               test                    -     @342 
  ENV                      SPI_environment         -     @361 
    AGT                    SPI_agent               -     @389 
      DRV                  SPI_driver              -     @418 
        rsp_port           uvm_analysis_port       -     @437 
        seq_item_port      uvm_seq_item_pull_port  -     @427 
      MON                  SPI_monitor             -     @399 
        WRITE              uvm_analysis_port       -     @408 
      SQR                  uvm_sequencer           -     @447 
        rsp_export         uvm_analysis_export     -     @456 
        seq_item_export    uvm_seq_item_pull_imp   -     @574 
        arbitration_queue  array                   0     -    
        lock_queue         array                   0     -    
        num_last_reqs      integral                32    'd1  
        num_last_rsps      integral                32    'd1  
    SCO                    SPI_scoreboard          -     @370 
      READ                 uvm_analysis_imp        -     @379 
--------------------------------------------------------------

UVM_INFO ./tb/tb_SPI.sv(100) @ 195000: uvm_test_top.ENV.AGT.SQR@@SEQ [SEQ] Fixed tx_data: 0
UVM_INFO ./tb/tb_SPI.sv(187) @ 205000: uvm_test_top.ENV.AGT.DRV [DRV] Drive dut: tx=0
UVM_INFO ./tb/tb_SPI.sv(252) @ 8206000: uvm_test_top.ENV.AGT.MON [MON] sampled tx:0, rx:0
UVM_INFO ./tb/tb_SPI.sv(284) @ 8206000: uvm_test_top.ENV.SCO [SCO] Recieved tx_data:0, rx_data:0
UVM_INFO ./tb/tb_SPI.sv(288) @ 8206000: uvm_test_top.ENV.SCO [SCO] *** TEST PASSED ***
UVM_INFO ./tb/tb_SPI.sv(88) @ 8225000: uvm_test_top.ENV.AGT.SQR@@SEQ [SEQ] Random tx_data: 128
UVM_INFO ./tb/tb_SPI.sv(187) @ 8235000: uvm_test_top.ENV.AGT.DRV [DRV] Drive dut: tx=128
UVM_INFO ./tb/tb_SPI.sv(252) @ 16236000: uvm_test_top.ENV.AGT.MON [MON] sampled tx:128, rx:128
UVM_INFO ./tb/tb_SPI.sv(284) @ 16236000: uvm_test_top.ENV.SCO [SCO] Recieved tx_data:128, rx_data:128
UVM_INFO ./tb/tb_SPI.sv(288) @ 16236000: uvm_test_top.ENV.SCO [SCO] *** TEST PASSED ***
UVM_INFO ./tb/tb_SPI.sv(88) @ 16255000: uvm_test_top.ENV.AGT.SQR@@SEQ [SEQ] Random tx_data: 128
UVM_INFO ./tb/tb_SPI.sv(187) @ 16265000: uvm_test_top.ENV.AGT.DRV [DRV] Drive dut: tx=201
UVM_INFO ./tb/tb_SPI.sv(252) @ 24266000: uvm_test_top.ENV.AGT.MON [MON] sampled tx:201, rx:201
UVM_INFO ./tb/tb_SPI.sv(284) @ 24266000: uvm_test_top.ENV.SCO [SCO] Recieved tx_data:201, rx_data:201
UVM_INFO ./tb/tb_SPI.sv(288) @ 24266000: uvm_test_top.ENV.SCO [SCO] *** TEST PASSED ***
UVM_INFO ./tb/tb_SPI.sv(88) @ 24285000: uvm_test_top.ENV.AGT.SQR@@SEQ [SEQ] Random tx_data: 128
UVM_INFO ./tb/tb_SPI.sv(187) @ 24295000: uvm_test_top.ENV.AGT.DRV [DRV] Drive dut: tx=53
UVM_INFO ./tb/tb_SPI.sv(252) @ 32296000: uvm_test_top.ENV.AGT.MON [MON] sampled tx:53, rx:53
UVM_INFO ./tb/tb_SPI.sv(284) @ 32296000: uvm_test_top.ENV.SCO [SCO] Recieved tx_data:53, rx_data:53
UVM_INFO ./tb/tb_SPI.sv(288) @ 32296000: uvm_test_top.ENV.SCO [SCO] *** TEST PASSED ***
UVM_INFO ./tb/tb_SPI.sv(88) @ 32315000: uvm_test_top.ENV.AGT.SQR@@SEQ [SEQ] Random tx_data: 128
UVM_INFO ./tb/tb_SPI.sv(187) @ 32325000: uvm_test_top.ENV.AGT.DRV [DRV] Drive dut: tx=132
UVM_INFO ./tb/tb_SPI.sv(252) @ 40326000: uvm_test_top.ENV.AGT.MON [MON] sampled tx:132, rx:132
UVM_INFO ./tb/tb_SPI.sv(284) @ 40326000: uvm_test_top.ENV.SCO [SCO] Recieved tx_data:132, rx_data:132
UVM_INFO ./tb/tb_SPI.sv(288) @ 40326000: uvm_test_top.ENV.SCO [SCO] *** TEST PASSED ***
UVM_INFO ./tb/tb_SPI.sv(100) @ 40345000: uvm_test_top.ENV.AGT.SQR@@SEQ [SEQ] Fixed tx_data: 128
UVM_INFO ./tb/tb_SPI.sv(187) @ 40405000: uvm_test_top.ENV.AGT.DRV [DRV] Drive dut: tx=195
UVM_INFO ./tb/tb_SPI.sv(252) @ 48406000: uvm_test_top.ENV.AGT.MON [MON] sampled tx:195, rx:195
UVM_INFO ./tb/tb_SPI.sv(284) @ 48406000: uvm_test_top.ENV.SCO [SCO] Recieved tx_data:195, rx_data:195
UVM_INFO ./tb/tb_SPI.sv(288) @ 48406000: uvm_test_top.ENV.SCO [SCO] *** TEST PASSED ***
UVM_INFO ./tb/tb_SPI.sv(100) @ 48425000: uvm_test_top.ENV.AGT.SQR@@SEQ [SEQ] Fixed tx_data: 0
UVM_INFO ./tb/tb_SPI.sv(187) @ 48435000: uvm_test_top.ENV.AGT.DRV [DRV] Drive dut: tx=0
UVM_INFO ./tb/tb_SPI.sv(252) @ 56436000: uvm_test_top.ENV.AGT.MON [MON] sampled tx:0, rx:255
UVM_INFO ./tb/tb_SPI.sv(284) @ 56436000: uvm_test_top.ENV.SCO [SCO] Recieved tx_data:0, rx_data:255
UVM_ERROR ./tb/tb_SPI.sv(290) @ 56436000: uvm_test_top.ENV.SCO [SCO] *** TEST FAILED ***
UVM_INFO ./tb/tb_SPI.sv(100) @ 56455000: uvm_test_top.ENV.AGT.SQR@@SEQ [SEQ] Fixed tx_data: 255
UVM_INFO ./tb/tb_SPI.sv(187) @ 56465000: uvm_test_top.ENV.AGT.DRV [DRV] Drive dut: tx=255
UVM_INFO ./tb/tb_SPI.sv(252) @ 64466000: uvm_test_top.ENV.AGT.MON [MON] sampled tx:255, rx:0
UVM_INFO ./tb/tb_SPI.sv(284) @ 64466000: uvm_test_top.ENV.SCO [SCO] Recieved tx_data:255, rx_data:0
UVM_ERROR ./tb/tb_SPI.sv(290) @ 64466000: uvm_test_top.ENV.SCO [SCO] *** TEST FAILED ***
UVM_INFO ./tb/tb_SPI.sv(100) @ 64485000: uvm_test_top.ENV.AGT.SQR@@SEQ [SEQ] Fixed tx_data: 255
UVM_INFO ./tb/tb_SPI.sv(187) @ 64495000: uvm_test_top.ENV.AGT.DRV [DRV] Drive dut: tx=255
UVM_INFO ./tb/tb_SPI.sv(252) @ 72496000: uvm_test_top.ENV.AGT.MON [MON] sampled tx:255, rx:255
UVM_INFO ./tb/tb_SPI.sv(284) @ 72496000: uvm_test_top.ENV.SCO [SCO] Recieved tx_data:255, rx_data:255
UVM_INFO ./tb/tb_SPI.sv(288) @ 72496000: uvm_test_top.ENV.SCO [SCO] *** TEST PASSED ***
UVM_INFO ./tb/tb_SPI.sv(100) @ 72515000: uvm_test_top.ENV.AGT.SQR@@SEQ [SEQ] Fixed tx_data: 255
UVM_INFO ./tb/tb_SPI.sv(187) @ 72525000: uvm_test_top.ENV.AGT.DRV [DRV] Drive dut: tx=255
UVM_INFO ./tb/tb_SPI.sv(252) @ 80526000: uvm_test_top.ENV.AGT.MON [MON] sampled tx:255, rx:255
UVM_INFO ./tb/tb_SPI.sv(284) @ 80526000: uvm_test_top.ENV.SCO [SCO] Recieved tx_data:255, rx_data:255
UVM_INFO ./tb/tb_SPI.sv(288) @ 80526000: uvm_test_top.ENV.SCO [SCO] *** TEST PASSED ***
UVM_INFO /tools/synopsys/vcs/W-2024.09-SP1/etc/uvm-1.2/base/uvm_objection.svh(1276) @ 80545000: reporter [TEST_DONE] 'run' phase is ready to proceed to the 'extract' phase
UVM_INFO /tools/synopsys/vcs/W-2024.09-SP1/etc/uvm-1.2/base/uvm_report_catcher.svh(705) @ 80545000: reporter [UVM/REPORT/CATCHER] 
--- UVM Report catcher Summary ---


Number of demoted UVM_FATAL reports  :    0
Number of demoted UVM_ERROR reports  :    0
Number of demoted UVM_WARNING reports:    0
Number of caught UVM_FATAL reports   :    0
Number of caught UVM_ERROR reports   :    0
Number of caught UVM_WARNING reports :    0

UVM_INFO /tools/synopsys/vcs/W-2024.09-SP1/etc/uvm-1.2/base/uvm_report_server.svh(904) @ 80545000: reporter [UVM/REPORT/SERVER] 
--- UVM Report Summary ---

** Report counts by severity
UVM_INFO :   53
UVM_WARNING :    0
UVM_ERROR :    2
UVM_FATAL :    0
** Report counts by id
[DRV]    10
[MON]    10
[RNTST]     1
[SCO]    20
[SEQ]    10
[TEST_DONE]     1
[UVM/RELNOTES]     1
[UVM/REPORT/CATCHER]     1
[UVMTOP]     1

$finish called from file "/tools/synopsys/vcs/W-2024.09-SP1/etc/uvm-1.2/base/uvm_root.svh", line 527.
$finish at simulation time             80545000
Simulation complete, time is 80545000 ps.
uvm_root.svh, 527 :     $finish;
           V C S   S i m u l a t i o n   R e p o r t 
Time: 80545000 ps
CPU Time:      0.220 seconds;       Data structure size:   0.6Mb
Sun May 25 17:49:55 2025
debExit
