#-----------------------------------------------------------
# Vivado v2020.2 (64-bit)
# SW Build 3064766 on Wed Nov 18 09:12:45 MST 2020
# IP Build 3064653 on Wed Nov 18 14:17:31 MST 2020
# Start of session at: Mon May 26 16:59:34 2025
# Process ID: 43780
# Current directory: C:/harman/May_team_project_I2C_SPI/project_I2C_SPI
# Command line: vivado.exe -gui_launcher_event rodinguilauncherevent39908 C:\harman\May_team_project_I2C_SPI\project_I2C_SPI\project_I2C_SPI.xpr
# Log file: C:/harman/May_team_project_I2C_SPI/project_I2C_SPI/vivado.log
# Journal file: C:/harman/May_team_project_I2C_SPI/project_I2C_SPI\vivado.jou
#-----------------------------------------------------------
start_gui
open_project C:/harman/May_team_project_I2C_SPI/project_I2C_SPI/project_I2C_SPI.xpr
WARNING: [filemgmt 56-3] Default IP Output Path : Could not find the directory 'C:/harman/May_team_project_I2C_SPI/project_I2C_SPI/project_I2C_SPI.gen/sources_1'.
WARNING: [filemgmt 56-3] IPUserFilesDir: Could not find the directory 'C:/harman/May_team_project_I2C_SPI/project_I2C_SPI/project_I2C_SPI.ip_user_files'.
Scanning sources...
Finished scanning sources
INFO: [IP_Flow 19-234] Refreshing IP repositories
INFO: [IP_Flow 19-1704] No user IP repositories specified
INFO: [IP_Flow 19-2313] Loaded Vivado IP repository 'C:/Xilinx/Vivado/2020.2/data/ip'.
update_compile_order -fileset sources_1
ipx::infer_core -vendor xilinx.com -library user -taxonomy /UserIP C:/harman/May_team_project_I2C_SPI/project_I2C_SPI/project_I2C_SPI.srcs/sources_1
WARNING: [IP_Flow 19-5101] Packaging a component with a SystemVerilog top file is not fully supported. Please refer to UG1118 'Creating and Packaging Custom IP'.
INFO: [IP_Flow 19-5107] Inferred bus interface 'reset' of definition 'xilinx.com:signal:reset:1.0' (from Xilinx Repository).
INFO: [IP_Flow 19-5107] Inferred bus interface 'clk' of definition 'xilinx.com:signal:clock:1.0' (from Xilinx Repository).
INFO: [IP_Flow 19-4728] Bus Interface 'clk': Added interface parameter 'ASSOCIATED_RESET' with value 'reset'.
WARNING: [IP_Flow 19-5661] Bus Interface 'clk' does not have any bus interfaces associated with it.
INFO: [IP_Flow 19-2181] Payment Required is not set for this core.
INFO: [IP_Flow 19-2187] The Product Guide file is missing.
WARNING: [IP_Flow 19-5661] Bus Interface 'clk' does not have any bus interfaces associated with it.
INFO: [IP_Flow 19-2181] Payment Required is not set for this core.
INFO: [IP_Flow 19-2187] The Product Guide file is missing.
ipx::edit_ip_in_project -upgrade true -name edit_ip_project -directory C:/harman/May_team_project_I2C_SPI/project_I2C_SPI/project_I2C_SPI.tmp c:/harman/May_team_project_I2C_SPI/project_I2C_SPI/project_I2C_SPI.srcs/sources_1/component.xml
INFO: [IP_Flow 19-234] Refreshing IP repositories
INFO: [IP_Flow 19-1704] No user IP repositories specified
INFO: [IP_Flow 19-2313] Loaded Vivado IP repository 'C:/Xilinx/Vivado/2020.2/data/ip'.
ERROR: [Board 49-71] The board_part definition was not found for digilentinc.com:basys3:1.1. The project's board_part property was not set, but the project's part property was set to xc7a35tcpg236-1. Valid board_part values can be retrieved with the 'get_board_parts' Tcl command. Check if board.repoPaths parameter is set and the board_part is installed from the tcl app store.
current_project project_I2C_SPI
ipx::package_project -root_dir c:/harman/may_team_project_i2c_spi/project_i2c_spi -vendor xilinx.com -library user -taxonomy /UserIP
WARNING: [IP_Flow 19-3833] Unreferenced file from the top module is not packaged: 'C:/harman/May_team_project_I2C_SPI/project_I2C_SPI/project_I2C_SPI.srcs/sources_1/new/top_SPI.sv'.
WARNING: [IP_Flow 19-3833] Unreferenced file from the top module is not packaged: 'C:/harman/May_team_project_I2C_SPI/project_I2C_SPI/project_I2C_SPI.srcs/sources_1/new/I2C_Master.sv'.
WARNING: [IP_Flow 19-5101] Packaging a component with a SystemVerilog top file is not fully supported. Please refer to UG1118 'Creating and Packaging Custom IP'.
INFO: [IP_Flow 19-5107] Inferred bus interface 'reset' of definition 'xilinx.com:signal:reset:1.0' (from Xilinx Repository).
INFO: [IP_Flow 19-5107] Inferred bus interface 'clk' of definition 'xilinx.com:signal:clock:1.0' (from Xilinx Repository).
INFO: [IP_Flow 19-4728] Bus Interface 'clk': Added interface parameter 'ASSOCIATED_RESET' with value 'reset'.
WARNING: [IP_Flow 19-5661] Bus Interface 'clk' does not have any bus interfaces associated with it.
INFO: [IP_Flow 19-2181] Payment Required is not set for this core.
INFO: [IP_Flow 19-2187] The Product Guide file is missing.
set_property core_revision 2 [ipx::current_core]
ipx::create_xgui_files [ipx::current_core]
ipx::update_checksums [ipx::current_core]
ipx::check_integrity [ipx::current_core]
WARNING: [IP_Flow 19-5661] Bus Interface 'clk' does not have any bus interfaces associated with it.
INFO: [IP_Flow 19-2181] Payment Required is not set for this core.
INFO: [IP_Flow 19-2187] The Product Guide file is missing.
INFO: [Ipptcl 7-1486] check_integrity: Integrity check passed.
ipx::save_core [ipx::current_core]
set_property  ip_repo_paths  c:/harman/may_team_project_i2c_spi/project_i2c_spi [current_project]
update_ip_catalog
INFO: [IP_Flow 19-234] Refreshing IP repositories
INFO: [IP_Flow 19-1700] Loaded user IP repository 'c:/harman/may_team_project_i2c_spi/project_i2c_spi'.
set_property core_revision 3 [ipx::current_core]
ipx::create_xgui_files [ipx::current_core]
ipx::update_checksums [ipx::current_core]
ipx::check_integrity [ipx::current_core]
WARNING: [IP_Flow 19-5661] Bus Interface 'clk' does not have any bus interfaces associated with it.
INFO: [IP_Flow 19-2181] Payment Required is not set for this core.
INFO: [IP_Flow 19-2187] The Product Guide file is missing.
INFO: [Ipptcl 7-1486] check_integrity: Integrity check passed.
ipx::save_core [ipx::current_core]
update_ip_catalog -rebuild -repo_path c:/harman/may_team_project_i2c_spi/project_i2c_spi
INFO: [IP_Flow 19-725] Reloaded user IP repository 'c:/harman/may_team_project_i2c_spi/project_i2c_spi'
set_property core_revision 4 [ipx::current_core]
ipx::create_xgui_files [ipx::current_core]
ipx::update_checksums [ipx::current_core]
ipx::check_integrity [ipx::current_core]
WARNING: [IP_Flow 19-5661] Bus Interface 'clk' does not have any bus interfaces associated with it.
INFO: [IP_Flow 19-2181] Payment Required is not set for this core.
INFO: [IP_Flow 19-2187] The Product Guide file is missing.
INFO: [Ipptcl 7-1486] check_integrity: Integrity check passed.
ipx::save_core [ipx::current_core]
update_ip_catalog -rebuild -repo_path c:/harman/may_team_project_i2c_spi/project_i2c_spi
INFO: [IP_Flow 19-725] Reloaded user IP repository 'c:/harman/may_team_project_i2c_spi/project_i2c_spi'
close_project
exit
INFO: [Common 17-206] Exiting Vivado at Mon May 26 17:16:35 2025...
